[2021/03/25 09:58:43] [SendMailError]メール通知エラー
[2021/03/25 09:58:43] [SendMailError]to : ["dungvv@fabbi.com.vn"]
[2021/03/25 09:58:43] [SendMailError]from : astar_report@ascend-corp.co.jp
[2021/03/25 09:58:43] [SendMailError]subject : 【はやぶさ】(GS-DEV環境)通知
[2021/03/25 09:58:43] [SendMailError]body : 先月分のテスト発信番号データ除外処理が正常に実行されました。
・スケジュールID: 


※メールの送信に失敗しましたので、Gmailにて送信します。
＊＊＊＊以下、抜粋失敗のエラー＊＊＊＊
535 5.7.3 Authentication unsuccessful [HK2PR03CA0044.apcprd03.prod.outlook.com]

＊＊＊＊メールの送信失敗時のエラーEND＊＊＊＊
[2021/03/25 09:58:45] [SendMailError]Gmailでメール送信失敗
[2021/03/25 16:46:18] [SendMailError]メール通知エラー
[2021/03/25 16:46:18] [SendMailError]to : ["dungvv@fabbi.com.vn"]
[2021/03/25 16:46:18] [SendMailError]from : astar_report@ascend-corp.co.jp
[2021/03/25 16:46:18] [SendMailError]subject : 【はやぶさ】(GS-DEV環境)通知
[2021/03/25 16:46:18] [SendMailError]body : 先月分のテスト発信番号データ除外処理が実行されましたが、以下の発信テスト番号データが残存しているので、速やかに削除をお願いします。
t80_outgoing_results: 09000000003,09000000004,09000000007,09000000008,09000000009
t81_incoming_results: 09000000004,09000000006
t800_sms_send_results: 09000000003,09000000004,09000000007,09000000008,09000000009
・スケジュールID: 


※メールの送信に失敗しましたので、Gmailにて送信します。
＊＊＊＊以下、抜粋失敗のエラー＊＊＊＊
535 5.7.3 Authentication unsuccessful [HK2PR04CA0045.apcprd04.prod.outlook.com]

＊＊＊＊メールの送信失敗時のエラーEND＊＊＊＊
[2021/03/25 16:46:20] [SendMailError]Gmailでメール送信失敗
